2022/11/23 06:16:49 [notice] 1#1: using the "epoll" event method
2022/11/23 06:16:49 [notice] 1#1: nginx/1.20.0
2022/11/23 06:16:49 [notice] 1#1: built by gcc 10.2.1 20201203 (Alpine 10.2.1_pre1) 
2022/11/23 06:16:49 [notice] 1#1: OS: Linux 5.10.76-linuxkit
2022/11/23 06:16:49 [notice] 1#1: getrlimit(RLIMIT_NOFILE): 1048576:1048576
2022/11/23 06:16:49 [notice] 1#1: start worker processes
2022/11/23 06:16:49 [notice] 1#1: start worker process 31
2022/11/23 06:16:49 [notice] 1#1: start worker process 32
2022/11/23 06:16:49 [notice] 1#1: start worker process 33
2022/11/23 06:16:49 [notice] 1#1: start worker process 34
2022/11/23 06:32:03 [notice] 1#1: signal 3 (SIGQUIT) received, shutting down
2022/11/23 06:32:03 [notice] 31#31: gracefully shutting down
2022/11/23 06:32:03 [notice] 31#31: exiting
2022/11/23 06:32:03 [notice] 33#33: gracefully shutting down
2022/11/23 06:32:03 [notice] 32#32: gracefully shutting down
2022/11/23 06:32:03 [notice] 34#34: gracefully shutting down
2022/11/23 06:32:03 [notice] 34#34: exiting
2022/11/23 06:32:03 [notice] 31#31: exit
2022/11/23 06:32:03 [notice] 33#33: exiting
2022/11/23 06:32:03 [notice] 32#32: exiting
2022/11/23 06:32:03 [notice] 34#34: exit
2022/11/23 06:32:03 [notice] 33#33: exit
2022/11/23 06:32:03 [notice] 32#32: exit
2022/11/23 06:32:03 [notice] 1#1: signal 17 (SIGCHLD) received from 31
2022/11/23 06:32:03 [notice] 1#1: worker process 31 exited with code 0
2022/11/23 06:32:03 [notice] 1#1: signal 29 (SIGIO) received
2022/11/23 06:32:03 [notice] 1#1: signal 17 (SIGCHLD) received from 33
2022/11/23 06:32:03 [notice] 1#1: worker process 33 exited with code 0
2022/11/23 06:32:03 [notice] 1#1: worker process 34 exited with code 0
2022/11/23 06:32:03 [notice] 1#1: worker process 32 exited with code 0
2022/11/23 06:32:03 [notice] 1#1: exit
2022/11/23 06:34:18 [notice] 1#1: using the "epoll" event method
2022/11/23 06:34:18 [notice] 1#1: nginx/1.20.0
2022/11/23 06:34:18 [notice] 1#1: built by gcc 10.2.1 20201203 (Alpine 10.2.1_pre1) 
2022/11/23 06:34:18 [notice] 1#1: OS: Linux 5.10.76-linuxkit
2022/11/23 06:34:18 [notice] 1#1: getrlimit(RLIMIT_NOFILE): 1048576:1048576
2022/11/23 06:34:18 [notice] 1#1: start worker processes
2022/11/23 06:34:18 [notice] 1#1: start worker process 32
2022/11/23 06:34:18 [notice] 1#1: start worker process 33
2022/11/23 06:34:18 [notice] 1#1: start worker process 34
2022/11/23 06:34:18 [notice] 1#1: start worker process 35
2022/11/23 06:58:56 [notice] 1#1: signal 3 (SIGQUIT) received, shutting down
2022/11/23 06:58:56 [notice] 33#33: gracefully shutting down
2022/11/23 06:58:56 [notice] 33#33: exiting
2022/11/23 06:58:56 [notice] 32#32: gracefully shutting down
2022/11/23 06:58:56 [notice] 32#32: exiting
2022/11/23 06:58:56 [notice] 34#34: gracefully shutting down
2022/11/23 06:58:56 [notice] 34#34: exiting
2022/11/23 06:58:56 [notice] 35#35: gracefully shutting down
2022/11/23 06:58:56 [notice] 33#33: exit
2022/11/23 06:58:56 [notice] 32#32: exit
2022/11/23 06:58:56 [notice] 34#34: exit
2022/11/23 06:58:56 [notice] 35#35: exiting
2022/11/23 06:58:56 [notice] 35#35: exit
2022/11/23 06:58:56 [notice] 1#1: signal 17 (SIGCHLD) received from 32
2022/11/23 06:58:56 [notice] 1#1: worker process 32 exited with code 0
2022/11/23 06:58:56 [notice] 1#1: worker process 33 exited with code 0
2022/11/23 06:58:56 [notice] 1#1: signal 29 (SIGIO) received
2022/11/23 06:58:56 [notice] 1#1: signal 17 (SIGCHLD) received from 34
2022/11/23 06:58:56 [notice] 1#1: worker process 34 exited with code 0
2022/11/23 06:58:56 [notice] 1#1: signal 29 (SIGIO) received
2022/11/23 06:58:56 [notice] 1#1: signal 17 (SIGCHLD) received from 35
2022/11/23 06:58:56 [notice] 1#1: worker process 35 exited with code 0
2022/11/23 06:58:56 [notice] 1#1: exit
2022/11/23 07:02:45 [notice] 1#1: using the "epoll" event method
2022/11/23 07:02:45 [notice] 1#1: nginx/1.20.0
2022/11/23 07:02:45 [notice] 1#1: built by gcc 10.2.1 20201203 (Alpine 10.2.1_pre1) 
2022/11/23 07:02:45 [notice] 1#1: OS: Linux 5.10.76-linuxkit
2022/11/23 07:02:45 [notice] 1#1: getrlimit(RLIMIT_NOFILE): 1048576:1048576
2022/11/23 07:02:45 [notice] 1#1: start worker processes
2022/11/23 07:02:45 [notice] 1#1: start worker process 33
2022/11/23 07:02:45 [notice] 1#1: start worker process 34
2022/11/23 07:02:45 [notice] 1#1: start worker process 35
2022/11/23 07:02:45 [notice] 1#1: start worker process 36
2022/11/23 07:07:08 [notice] 1#1: signal 3 (SIGQUIT) received, shutting down
2022/11/23 07:07:08 [notice] 34#34: gracefully shutting down
2022/11/23 07:07:08 [notice] 34#34: exiting
2022/11/23 07:07:08 [notice] 35#35: gracefully shutting down
2022/11/23 07:07:08 [notice] 33#33: gracefully shutting down
2022/11/23 07:07:08 [notice] 33#33: exiting
2022/11/23 07:07:08 [notice] 36#36: gracefully shutting down
2022/11/23 07:07:08 [notice] 34#34: exit
2022/11/23 07:07:08 [notice] 35#35: exiting
2022/11/23 07:07:08 [notice] 33#33: exit
2022/11/23 07:07:08 [notice] 36#36: exiting
2022/11/23 07:07:08 [notice] 35#35: exit
2022/11/23 07:07:08 [notice] 36#36: exit
2022/11/23 07:07:08 [notice] 1#1: signal 17 (SIGCHLD) received from 34
2022/11/23 07:07:08 [notice] 1#1: worker process 34 exited with code 0
2022/11/23 07:07:08 [notice] 1#1: signal 29 (SIGIO) received
2022/11/23 07:07:08 [notice] 1#1: signal 17 (SIGCHLD) received from 33
2022/11/23 07:07:08 [notice] 1#1: worker process 33 exited with code 0
2022/11/23 07:07:08 [notice] 1#1: signal 29 (SIGIO) received
2022/11/23 07:07:08 [notice] 1#1: signal 17 (SIGCHLD) received from 35
2022/11/23 07:07:08 [notice] 1#1: worker process 35 exited with code 0
2022/11/23 07:07:08 [notice] 1#1: worker process 36 exited with code 0
2022/11/23 07:07:08 [notice] 1#1: exit
2022/11/23 07:07:24 [notice] 1#1: using the "epoll" event method
2022/11/23 07:07:24 [notice] 1#1: nginx/1.20.0
2022/11/23 07:07:24 [notice] 1#1: built by gcc 10.2.1 20201203 (Alpine 10.2.1_pre1) 
2022/11/23 07:07:24 [notice] 1#1: OS: Linux 5.10.76-linuxkit
2022/11/23 07:07:24 [notice] 1#1: getrlimit(RLIMIT_NOFILE): 1048576:1048576
2022/11/23 07:07:24 [notice] 1#1: start worker processes
2022/11/23 07:07:24 [notice] 1#1: start worker process 32
2022/11/23 07:07:24 [notice] 1#1: start worker process 33
2022/11/23 07:07:24 [notice] 1#1: start worker process 34
2022/11/23 07:07:24 [notice] 1#1: start worker process 35
2022/11/23 07:22:37 [notice] 1#1: signal 3 (SIGQUIT) received, shutting down
2022/11/23 07:22:37 [notice] 35#35: gracefully shutting down
2022/11/23 07:22:37 [notice] 35#35: exiting
2022/11/23 07:22:37 [notice] 34#34: gracefully shutting down
2022/11/23 07:22:37 [notice] 34#34: exiting
2022/11/23 07:22:37 [notice] 33#33: gracefully shutting down
2022/11/23 07:22:37 [notice] 32#32: gracefully shutting down
2022/11/23 07:22:37 [notice] 32#32: exiting
2022/11/23 07:22:37 [notice] 35#35: exit
2022/11/23 07:22:37 [notice] 34#34: exit
2022/11/23 07:22:37 [notice] 33#33: exiting
2022/11/23 07:22:37 [notice] 32#32: exit
2022/11/23 07:22:37 [notice] 33#33: exit
2022/11/23 07:22:37 [notice] 1#1: signal 17 (SIGCHLD) received from 35
2022/11/23 07:22:37 [notice] 1#1: worker process 35 exited with code 0
2022/11/23 07:22:37 [notice] 1#1: signal 29 (SIGIO) received
2022/11/23 07:22:37 [notice] 1#1: signal 17 (SIGCHLD) received from 34
2022/11/23 07:22:37 [notice] 1#1: worker process 34 exited with code 0
2022/11/23 07:22:37 [notice] 1#1: signal 29 (SIGIO) received
2022/11/23 07:22:37 [notice] 1#1: signal 17 (SIGCHLD) received from 33
2022/11/23 07:22:37 [notice] 1#1: worker process 32 exited with code 0
2022/11/23 07:22:37 [notice] 1#1: worker process 33 exited with code 0
2022/11/23 07:22:37 [notice] 1#1: exit
2022/11/23 07:23:19 [notice] 1#1: using the "epoll" event method
2022/11/23 07:23:19 [notice] 1#1: nginx/1.20.0
2022/11/23 07:23:19 [notice] 1#1: built by gcc 10.2.1 20201203 (Alpine 10.2.1_pre1) 
2022/11/23 07:23:19 [notice] 1#1: OS: Linux 5.10.76-linuxkit
2022/11/23 07:23:19 [notice] 1#1: getrlimit(RLIMIT_NOFILE): 1048576:1048576
2022/11/23 07:23:19 [notice] 1#1: start worker processes
2022/11/23 07:23:19 [notice] 1#1: start worker process 33
2022/11/23 07:23:19 [notice] 1#1: start worker process 34
2022/11/23 07:23:19 [notice] 1#1: start worker process 35
2022/11/23 07:23:19 [notice] 1#1: start worker process 36
2022/11/23 07:41:56 [notice] 1#1: signal 3 (SIGQUIT) received, shutting down
2022/11/23 07:41:56 [notice] 35#35: gracefully shutting down
2022/11/23 07:41:56 [notice] 35#35: exiting
2022/11/23 07:41:56 [notice] 36#36: gracefully shutting down
2022/11/23 07:41:56 [notice] 36#36: exiting
2022/11/23 07:41:56 [notice] 34#34: gracefully shutting down
2022/11/23 07:41:56 [notice] 34#34: exiting
2022/11/23 07:41:56 [notice] 33#33: gracefully shutting down
2022/11/23 07:41:56 [notice] 35#35: exit
2022/11/23 07:41:56 [notice] 36#36: exit
2022/11/23 07:41:56 [notice] 34#34: exit
2022/11/23 07:41:56 [notice] 33#33: exiting
2022/11/23 07:41:56 [notice] 33#33: exit
2022/11/23 07:41:56 [notice] 1#1: signal 17 (SIGCHLD) received from 36
2022/11/23 07:41:56 [notice] 1#1: worker process 36 exited with code 0
2022/11/23 07:41:56 [notice] 1#1: signal 29 (SIGIO) received
2022/11/23 07:41:56 [notice] 1#1: signal 17 (SIGCHLD) received from 35
2022/11/23 07:41:56 [notice] 1#1: worker process 33 exited with code 0
2022/11/23 07:41:56 [notice] 1#1: worker process 35 exited with code 0
2022/11/23 07:41:56 [notice] 1#1: signal 17 (SIGCHLD) received from 34
2022/11/23 07:41:56 [notice] 1#1: worker process 34 exited with code 0
2022/11/23 07:41:56 [notice] 1#1: signal 29 (SIGIO) received
2022/11/23 07:41:56 [notice] 1#1: exit
2022/11/23 07:42:59 [notice] 1#1: using the "epoll" event method
2022/11/23 07:42:59 [notice] 1#1: nginx/1.20.0
2022/11/23 07:42:59 [notice] 1#1: built by gcc 10.2.1 20201203 (Alpine 10.2.1_pre1) 
2022/11/23 07:42:59 [notice] 1#1: OS: Linux 5.10.76-linuxkit
2022/11/23 07:42:59 [notice] 1#1: getrlimit(RLIMIT_NOFILE): 1048576:1048576
2022/11/23 07:42:59 [notice] 1#1: start worker processes
2022/11/23 07:42:59 [notice] 1#1: start worker process 33
2022/11/23 07:42:59 [notice] 1#1: start worker process 34
2022/11/23 07:42:59 [notice] 1#1: start worker process 35
2022/11/23 07:42:59 [notice] 1#1: start worker process 36
2022/11/23 07:51:35 [notice] 1#1: signal 3 (SIGQUIT) received, shutting down
2022/11/23 07:51:35 [notice] 34#34: gracefully shutting down
2022/11/23 07:51:35 [notice] 33#33: gracefully shutting down
2022/11/23 07:51:35 [notice] 35#35: gracefully shutting down
2022/11/23 07:51:35 [notice] 36#36: gracefully shutting down
2022/11/23 07:51:35 [notice] 36#36: exiting
2022/11/23 07:51:35 [notice] 33#33: exiting
2022/11/23 07:51:35 [notice] 35#35: exiting
2022/11/23 07:51:35 [notice] 35#35: exit
2022/11/23 07:51:35 [notice] 36#36: exit
2022/11/23 07:51:35 [notice] 33#33: exit
2022/11/23 07:51:35 [notice] 1#1: signal 17 (SIGCHLD) received from 35
2022/11/23 07:51:35 [notice] 1#1: worker process 35 exited with code 0
2022/11/23 07:51:35 [notice] 1#1: signal 29 (SIGIO) received
2022/11/23 07:51:35 [notice] 1#1: signal 17 (SIGCHLD) received from 36
2022/11/23 07:51:35 [notice] 1#1: worker process 33 exited with code 0
2022/11/23 07:51:35 [notice] 1#1: worker process 36 exited with code 0
2022/11/23 07:51:35 [notice] 1#1: signal 29 (SIGIO) received
2022/11/23 13:01:40 [notice] 1#1: using the "epoll" event method
2022/11/23 13:01:40 [notice] 1#1: nginx/1.20.0
2022/11/23 13:01:40 [notice] 1#1: built by gcc 10.2.1 20201203 (Alpine 10.2.1_pre1) 
2022/11/23 13:01:40 [notice] 1#1: OS: Linux 5.10.76-linuxkit
2022/11/23 13:01:40 [notice] 1#1: getrlimit(RLIMIT_NOFILE): 1048576:1048576
2022/11/23 13:01:40 [notice] 1#1: start worker processes
2022/11/23 13:01:40 [notice] 1#1: start worker process 33
2022/11/23 13:01:40 [notice] 1#1: start worker process 34
2022/11/23 13:01:40 [notice] 1#1: start worker process 35
2022/11/23 13:01:40 [notice] 1#1: start worker process 36
2022/11/23 13:14:33 [notice] 1#1: signal 3 (SIGQUIT) received, shutting down
2022/11/23 13:14:33 [notice] 33#33: gracefully shutting down
2022/11/23 13:14:33 [notice] 35#35: gracefully shutting down
2022/11/23 13:14:33 [notice] 35#35: exiting
2022/11/23 13:14:33 [notice] 34#34: gracefully shutting down
2022/11/23 13:14:33 [notice] 34#34: exiting
2022/11/23 13:14:33 [notice] 36#36: gracefully shutting down
2022/11/23 13:14:33 [notice] 33#33: exiting
2022/11/23 13:14:33 [notice] 35#35: exit
2022/11/23 13:14:33 [notice] 34#34: exit
2022/11/23 13:14:33 [notice] 36#36: exiting
2022/11/23 13:14:33 [notice] 33#33: exit
2022/11/23 13:14:33 [notice] 36#36: exit
2022/11/23 13:14:33 [notice] 1#1: signal 17 (SIGCHLD) received from 35
2022/11/23 13:14:33 [notice] 1#1: worker process 35 exited with code 0
2022/11/23 13:14:33 [notice] 1#1: signal 29 (SIGIO) received
2022/11/23 13:14:33 [notice] 1#1: signal 17 (SIGCHLD) received from 33
2022/11/23 13:14:33 [notice] 1#1: worker process 33 exited with code 0
2022/11/23 13:14:33 [notice] 1#1: signal 17 (SIGCHLD) received from 34
2022/11/23 13:14:33 [notice] 1#1: worker process 34 exited with code 0
2022/11/23 13:14:33 [notice] 1#1: signal 29 (SIGIO) received
2022/11/23 13:14:33 [notice] 1#1: signal 29 (SIGIO) received
2022/11/23 13:14:33 [notice] 1#1: signal 17 (SIGCHLD) received from 36
2022/11/23 13:14:33 [notice] 1#1: worker process 36 exited with code 0
2022/11/23 13:14:33 [notice] 1#1: exit
2022/11/23 13:14:59 [notice] 1#1: using the "epoll" event method
2022/11/23 13:14:59 [notice] 1#1: nginx/1.20.0
2022/11/23 13:14:59 [notice] 1#1: built by gcc 10.2.1 20201203 (Alpine 10.2.1_pre1) 
2022/11/23 13:14:59 [notice] 1#1: OS: Linux 5.10.76-linuxkit
2022/11/23 13:14:59 [notice] 1#1: getrlimit(RLIMIT_NOFILE): 1048576:1048576
2022/11/23 13:14:59 [notice] 1#1: start worker processes
2022/11/23 13:14:59 [notice] 1#1: start worker process 32
2022/11/23 13:14:59 [notice] 1#1: start worker process 33
2022/11/23 13:14:59 [notice] 1#1: start worker process 34
2022/11/23 13:14:59 [notice] 1#1: start worker process 35
2022/11/23 13:16:34 [notice] 1#1: signal 3 (SIGQUIT) received, shutting down
2022/11/23 13:16:34 [notice] 32#32: gracefully shutting down
2022/11/23 13:16:34 [notice] 33#33: gracefully shutting down
2022/11/23 13:16:34 [notice] 33#33: exiting
2022/11/23 13:16:34 [notice] 34#34: gracefully shutting down
2022/11/23 13:16:34 [notice] 35#35: gracefully shutting down
2022/11/23 13:16:34 [notice] 32#32: exiting
2022/11/23 13:16:34 [notice] 33#33: exit
2022/11/23 13:16:34 [notice] 34#34: exiting
2022/11/23 13:16:34 [notice] 35#35: exiting
2022/11/23 13:16:34 [notice] 32#32: exit
2022/11/23 13:16:34 [notice] 34#34: exit
2022/11/23 13:16:34 [notice] 35#35: exit
2022/11/23 13:16:34 [notice] 1#1: signal 17 (SIGCHLD) received from 33
2022/11/23 13:16:34 [notice] 1#1: worker process 32 exited with code 0
2022/11/23 13:16:34 [notice] 1#1: worker process 33 exited with code 0
2022/11/23 13:16:34 [notice] 1#1: signal 29 (SIGIO) received
2022/11/23 13:16:34 [notice] 1#1: signal 17 (SIGCHLD) received from 35
2022/11/23 13:16:34 [notice] 1#1: worker process 34 exited with code 0
2022/11/23 13:16:34 [notice] 1#1: worker process 35 exited with code 0
2022/11/23 13:16:34 [notice] 1#1: exit
2022/11/23 13:16:36 [notice] 1#1: using the "epoll" event method
2022/11/23 13:16:36 [notice] 1#1: nginx/1.20.0
2022/11/23 13:16:36 [notice] 1#1: built by gcc 10.2.1 20201203 (Alpine 10.2.1_pre1) 
2022/11/23 13:16:36 [notice] 1#1: OS: Linux 5.10.76-linuxkit
2022/11/23 13:16:36 [notice] 1#1: getrlimit(RLIMIT_NOFILE): 1048576:1048576
2022/11/23 13:16:36 [notice] 1#1: start worker processes
2022/11/23 13:16:36 [notice] 1#1: start worker process 31
2022/11/23 13:16:36 [notice] 1#1: start worker process 32
2022/11/23 13:16:36 [notice] 1#1: start worker process 33
2022/11/23 13:16:36 [notice] 1#1: start worker process 34
2022/11/23 14:11:09 [notice] 1#1: signal 3 (SIGQUIT) received, shutting down
2022/11/23 14:11:09 [notice] 34#34: gracefully shutting down
2022/11/23 14:11:09 [notice] 33#33: gracefully shutting down
2022/11/23 14:11:09 [notice] 32#32: gracefully shutting down
2022/11/23 14:11:09 [notice] 32#32: exiting
2022/11/23 14:11:09 [notice] 31#31: gracefully shutting down
2022/11/23 14:11:09 [notice] 34#34: exiting
2022/11/23 14:11:09 [notice] 33#33: exiting
2022/11/23 14:11:09 [notice] 32#32: exit
2022/11/23 14:11:09 [notice] 31#31: exiting
2022/11/23 14:11:09 [notice] 34#34: exit
2022/11/23 14:11:09 [notice] 33#33: exit
2022/11/23 14:11:09 [notice] 31#31: exit
2022/11/23 14:11:09 [notice] 1#1: signal 17 (SIGCHLD) received from 34
2022/11/23 14:11:09 [notice] 1#1: worker process 32 exited with code 0
2022/11/23 14:11:09 [notice] 1#1: worker process 34 exited with code 0
2022/11/23 14:11:09 [notice] 1#1: signal 29 (SIGIO) received
2022/11/23 14:11:09 [notice] 1#1: signal 17 (SIGCHLD) received from 33
2022/11/23 14:11:09 [notice] 1#1: worker process 33 exited with code 0
2022/11/23 14:11:09 [notice] 1#1: worker process 31 exited with code 0
2022/11/23 14:11:09 [notice] 1#1: exit
